d:\dua\github\duaengine\duaengine\x64\debug\duaengine.pch
d:\dua\github\duaengine\duaengine\x64\debug\vc143.pdb
d:\dua\github\duaengine\duaengine\x64\debug\vc143.idb
d:\dua\github\duaengine\duaengine\x64\debug\duapch.obj
d:\dua\github\duaengine\duaengine\x64\debug\imgui_widgets.obj
d:\dua\github\duaengine\duaengine\x64\debug\imgui_tables.obj
d:\dua\github\duaengine\duaengine\x64\debug\imgui_draw.obj
d:\dua\github\duaengine\duaengine\x64\debug\imgui_demo.obj
d:\dua\github\duaengine\duaengine\x64\debug\imgui.obj
d:\dua\github\duaengine\duaengine\x64\debug\imgui_impl_win32.obj
d:\dua\github\duaengine\duaengine\x64\debug\imgui_impl_opengl3.obj
d:\dua\github\duaengine\duaengine\x64\debug\imgui_impl_glfw.obj
d:\dua\github\duaengine\duaengine\x64\debug\imgui_stdlib.obj
d:\dua\github\duaengine\duaengine\x64\debug\windowsinput.obj
d:\dua\github\duaengine\duaengine\x64\debug\windowswindow.obj
d:\dua\github\duaengine\duaengine\x64\debug\application.obj
d:\dua\github\duaengine\duaengine\x64\debug\layer.obj
d:\dua\github\duaengine\duaengine\x64\debug\layerstack.obj
d:\dua\github\duaengine\duaengine\x64\debug\imguilayer.obj
d:\dua\github\duaengine\duaengine\x64\debug\glad.obj
d:\dua\github\duaengine\duaengine\x64\debug\openglcontext.obj
d:\dua\github\duaengine\x64\debug\duaengine.dll
d:\dua\github\duaengine\x64\debug\duaengine.pdb
d:\dua\github\duaengine\x64\debug\duaengine.lib
d:\dua\github\duaengine\x64\debug\duaengine.exp
d:\dua\github\duaengine\duaengine\x64\debug\duaengine.ilk
d:\dua\github\duaengine\duaengine\x64\debug\duaengine.tlog\cl.command.1.tlog
d:\dua\github\duaengine\duaengine\x64\debug\duaengine.tlog\cl.items.tlog
d:\dua\github\duaengine\duaengine\x64\debug\duaengine.tlog\cl.read.1.tlog
d:\dua\github\duaengine\duaengine\x64\debug\duaengine.tlog\cl.write.1.tlog
d:\dua\github\duaengine\duaengine\x64\debug\duaengine.tlog\link.command.1.tlog
d:\dua\github\duaengine\duaengine\x64\debug\duaengine.tlog\link.read.1.tlog
d:\dua\github\duaengine\duaengine\x64\debug\duaengine.tlog\link.secondary.1.tlog
d:\dua\github\duaengine\duaengine\x64\debug\duaengine.tlog\link.write.1.tlog
