  ImGuiLayer.cpp
D:\DUA\Github\DuaEngine\DuaEngine\src\Dua\ImGui\ImGuiLayer.cpp(1,1): warning C4828: 文件包含在偏移 0x69c 处开始的字符，该字符在当前源字符集中无效(代码页 65001)。
D:\DUA\Github\DuaEngine\DuaEngine\src\Dua\ImGui\ImGuiLayer.cpp(1,1): warning C4828: 文件包含在偏移 0x69d 处开始的字符，该字符在当前源字符集中无效(代码页 65001)。
D:\DUA\Github\DuaEngine\DuaEngine\src\Dua\ImGui\ImGuiLayer.cpp(1,1): warning C4828: 文件包含在偏移 0x69f 处开始的字符，该字符在当前源字符集中无效(代码页 65001)。
D:\DUA\Github\DuaEngine\DuaEngine\src\Dua\ImGui\ImGuiLayer.cpp(1,1): warning C4828: 文件包含在偏移 0x6a1 处开始的字符，该字符在当前源字符集中无效(代码页 65001)。
D:\DUA\Github\DuaEngine\DuaEngine\src\Dua\ImGui\ImGuiLayer.cpp(1,1): warning C4828: 文件包含在偏移 0x6a5 处开始的字符，该字符在当前源字符集中无效(代码页 65001)。
D:\DUA\Github\DuaEngine\DuaEngine\src\Dua\ImGui\ImGuiLayer.cpp(1,1): warning C4828: 文件包含在偏移 0x6a7 处开始的字符，该字符在当前源字符集中无效(代码页 65001)。
D:\DUA\Github\DuaEngine\DuaEngine\src\Dua\ImGui\ImGuiLayer.cpp(1,1): warning C4828: 文件包含在偏移 0x6a8 处开始的字符，该字符在当前源字符集中无效(代码页 65001)。
D:\DUA\Github\DuaEngine\DuaEngine\src\Dua\ImGui\ImGuiLayer.cpp(1,1): warning C4828: 文件包含在偏移 0x6aa 处开始的字符，该字符在当前源字符集中无效(代码页 65001)。
D:\DUA\Github\DuaEngine\DuaEngine\src\Dua\Layer.h(23,15): warning C4251: “Dua::Layer::m_DebugName”:“std::basic_string<char,std::char_traits<char>,std::allocator<char>>”需要有 dll 接口以供“Dua::Layer”的客户端使用
  (编译源文件“/src/Dua/ImGui/ImGuiLayer.cpp”)
      D:\Visual Studio\2022\Community\VC\Tools\MSVC\14.42.34433\include\xstring(527,7):
      参见“std::basic_string<char,std::char_traits<char>,std::allocator<char>>”的声明
  
D:\DUA\Github\DuaEngine\DuaEngine\src\Dua\LayerStack.h(25,23): warning C4251: “Dua::LayerStack::m_Layers”:“std::vector<Dua::Layer *,std::allocator<Dua::Layer *>>”需要有 dll 接口以供“Dua::LayerStack”的客户端使用
  (编译源文件“/src/Dua/ImGui/ImGuiLayer.cpp”)
      D:\Visual Studio\2022\Community\VC\Tools\MSVC\14.42.34433\include\vector(429,7):
      参见“std::vector<Dua::Layer *,std::allocator<Dua::Layer *>>”的声明
  
D:\DUA\Github\DuaEngine\DuaEngine\src\Dua\Application.h(34,27): warning C4251: “Dua::Application::m_Window”:“std::unique_ptr<Dua::Window,std::default_delete<Dua::Window>>”需要有 dll 接口以供“Dua::Application”的客户端使用
  (编译源文件“/src/Dua/ImGui/ImGuiLayer.cpp”)
      D:\Visual Studio\2022\Community\VC\Tools\MSVC\14.42.34433\include\memory(3335,7):
      参见“std::unique_ptr<Dua::Window,std::default_delete<Dua::Window>>”的声明
  
D:\DUA\Github\DuaEngine\DuaEngine\src\Dua\ImGui\ImGuiLayer.cpp(86,80): warning C4244: “参数”: 从“unsigned int”转换到“float”，可能丢失数据
  (编译源文件“/src/Dua/ImGui/ImGuiLayer.cpp”)
  
D:\DUA\Github\DuaEngine\DuaEngine\src\Dua\ImGui\ImGuiLayer.cpp(86,51): warning C4244: “参数”: 从“unsigned int”转换到“float”，可能丢失数据
  (编译源文件“/src/Dua/ImGui/ImGuiLayer.cpp”)
  
D:\DUA\Github\DuaEngine\DuaEngine\src\Dua\Application.h(20,30): warning C4506: 内联函数“Dua::Application &Dua::Application::GetSingleton(void)”没有定义
  (编译源文件“/src/Dua/ImGui/ImGuiLayer.cpp”)
  
  DuaEngine.vcxproj -> D:\DUA\Github\DuaEngine\x64\Debug\DuaEngine.dll
