  SandBoxApp.cpp
D:\DUA\Github\DuaEngine\DuaEngine\src\Dua\Layer.h(22,15): warning C4251: “Dua::Layer::m_DebugName”:“std::basic_string<char,std::char_traits<char>,std::allocator<char>>”需要有 dll 接口以供“Dua::Layer”的客户端使用
  (编译源文件“src/SandBoxApp.cpp”)
      D:\Visual Studio\2022\Community\VC\Tools\MSVC\14.42.34433\include\xstring(527,7):
      参见“std::basic_string<char,std::char_traits<char>,std::allocator<char>>”的声明
  
D:\DUA\Github\DuaEngine\DuaEngine\src\Dua\LayerStack.h(25,23): warning C4251: “Dua::LayerStack::m_Layers”:“std::vector<Dua::Layer *,std::allocator<Dua::Layer *>>”需要有 dll 接口以供“Dua::LayerStack”的客户端使用
  (编译源文件“src/SandBoxApp.cpp”)
      D:\Visual Studio\2022\Community\VC\Tools\MSVC\14.42.34433\include\vector(429,7):
      参见“std::vector<Dua::Layer *,std::allocator<Dua::Layer *>>”的声明
  
D:\DUA\Github\DuaEngine\DuaEngine\src\Dua\LayerStack.h(26,33): warning C4251: “Dua::LayerStack::m_LayerInsert”:“std::_Vector_iterator<std::_Vector_val<std::_Simple_types<_Ty>>>”需要有 dll 接口以供“Dua::LayerStack”的客户端使用
D:\DUA\Github\DuaEngine\DuaEngine\src\Dua\LayerStack.h(26,33): warning C4251:         with
D:\DUA\Github\DuaEngine\DuaEngine\src\Dua\LayerStack.h(26,33): warning C4251:         [
D:\DUA\Github\DuaEngine\DuaEngine\src\Dua\LayerStack.h(26,33): warning C4251:             _Ty=Dua::Layer *
D:\DUA\Github\DuaEngine\DuaEngine\src\Dua\LayerStack.h(26,33): warning C4251:         ]
  (编译源文件“src/SandBoxApp.cpp”)
      D:\Visual Studio\2022\Community\VC\Tools\MSVC\14.42.34433\include\vector(255,7):
      参见“std::_Vector_iterator<std::_Vector_val<std::_Simple_types<_Ty>>>”的声明
          with
          [
              _Ty=Dua::Layer *
          ]
  
D:\DUA\Github\DuaEngine\DuaEngine\src\Dua\Application.h(30,27): warning C4251: “Dua::Application::m_Window”:“std::unique_ptr<Dua::Window,std::default_delete<Dua::Window>>”需要有 dll 接口以供“Dua::Application”的客户端使用
  (编译源文件“src/SandBoxApp.cpp”)
      D:\Visual Studio\2022\Community\VC\Tools\MSVC\14.42.34433\include\memory(3335,7):
      参见“std::unique_ptr<Dua::Window,std::default_delete<Dua::Window>>”的声明
  
  SandBox.vcxproj -> D:\DUA\Github\DuaEngine\x64\Debug\SandBox.exe
